<?xml version="1.0" encoding="UTF-8"?>
<!-- Generated by org.testng.reporters.JUnitXMLReporter -->
<testsuite ignored="2" hostname="DESKTOP-K9M7R91" failures="0" tests="1" name="Chrome" time="49.243" errors="0" timestamp="2023-03-13T17:23:26 IST">
  <testcase classname="testclass.Baseclass" name="@BeforeTest beforeTest" time="49.139">
    <failure type="java.lang.NullPointerException" message="Cannot invoke &amp;quot;org.openqa.selenium.WebDriver.manage()&amp;quot; because &amp;quot;testclass.Baseclass.driver&amp;quot; is null">
      <![CDATA[java.lang.NullPointerException: Cannot invoke "org.openqa.selenium.WebDriver.manage()" because "testclass.Baseclass.driver" is null
at testclass.Baseclass.beforeTest(Baseclass.java:21)
... Removed 22 stack frames]]>
    </failure>
  </testcase> <!-- @BeforeTest beforeTest -->
  <testcase classname="testclass.LoginTestclass" name="@BeforeClass beforeClass" time="-1.678708405968E9">
    <skipped/>
  </testcase> <!-- @BeforeClass beforeClass -->
  <testcase classname="testclass.LoginTestclass" name="@BeforeMethod beforeMehod" time="-1.678708405983E9">
    <skipped/>
  </testcase> <!-- @BeforeMethod beforeMehod -->
  <testcase classname="testclass.Baseclass" name="@AfterTest aftertest" time="-1.678708406003E9">
    <skipped/>
  </testcase> <!-- @AfterTest aftertest -->
  <testcase classname="testclass.LoginTestclass" name="VerifyLoginFunctionalityWithCorrectData" time="0.0">
    <skipped/>
  </testcase> <!-- VerifyLoginFunctionalityWithCorrectData -->
  <testcase classname="testclass.Baseclass" name="@AfterTest aftertest" time="0.0">
    <ignored/>
  </testcase> <!-- @AfterTest aftertest -->
  <testcase classname="testclass.Baseclass" name="@BeforeTest beforeTest" time="0.0">
    <ignored/>
  </testcase> <!-- @BeforeTest beforeTest -->
</testsuite> <!-- Chrome -->
