<?xml version="1.0" encoding="UTF-8"?>
<!-- Generated by org.testng.reporters.JUnitXMLReporter -->
<testsuite ignored="0" hostname="DESKTOP-K9M7R91" failures="0" tests="4" name="firefox" time="0.05" errors="0" timestamp="2023-03-13T16:12:53 IST">
  <testcase classname="testclass.TestclassTNGG1" name="test1" time="0.002"/>
  <testcase classname="testclass.TestclassTNGG1" name="test2" time="0.006"/>
  <testcase classname="testclass.TestclassTNGG2" name="test1" time="0.003"/>
  <testcase classname="testclass.TestclassTNGG2" name="test2" time="0.001"/>
</testsuite> <!-- firefox -->
