<?xml version="1.0" encoding="UTF-8"?>
<!-- Generated by org.testng.reporters.JUnitXMLReporter -->
<testsuite ignored="2" hostname="DESKTOP-K9M7R91" failures="1" tests="2" name="Test" time="26.912" errors="0" timestamp="2023-03-17T14:07:04 IST">
  <testcase classname="testclass.LoginTestclass" name="VerifyLoginFunctionalityWithCorrectData" time="4.786"/>
  <testcase classname="testclass.LoginTestclass" name="VerifyLoginFunctionalityWithInCorrectData" time="0.0">
    <failure type="java.lang.AssertionError" message="null">
      <![CDATA[java.lang.AssertionError: null
at testclass.LoginTestclass.VerifyLoginFunctionalityWithInCorrectData(LoginTestclass.java:88)
at java.base/java.util.ArrayList.forEach(ArrayList.java:1511)
... Removed 27 stack frames]]>
    </failure>
  </testcase> <!-- VerifyLoginFunctionalityWithInCorrectData -->
  <testcase classname="testclass.Baseclass" name="@AfterTest aftertest" time="0.0">
    <ignored/>
  </testcase> <!-- @AfterTest aftertest -->
  <testcase classname="testclass.Baseclass" name="@BeforeTest beforeTest" time="0.0">
    <ignored/>
  </testcase> <!-- @BeforeTest beforeTest -->
</testsuite> <!-- Test -->
